# JRE version: OpenJDK Runtime Environment Temurin-21.0.7+6 (21.0.7+6) (build 21.0.7+6-LTS)
# Java VM: OpenJDK 64-Bit Server VM Temurin-21.0.7+6 (21.0.7+6-LTS, mixed mode, sharing, tiered, compressed oops, compressed class ptrs, g1 gc, windows-amd64)
GC Precious Log:
 CardTable entry size: 512
 Card Set container configuration: InlinePtr #cards 5 size 8 Array Of Cards #cards 12 size 40 Howl #buckets 4 coarsen threshold 1843 Howl Bitmap #cards 512 size 80 coarsen threshold 460 Card regions per heap region 1 cards per card region 2048
 CPUs: 4 total, 4 available
 Memory: 4008M
 Large Page Support: Disabled
 NUMA Support: Disabled
 Compressed Oops: Enabled (32-bit)
 Heap Region Size: 1M
 Heap Min Capacity: 8M
 Heap Initial Capacity: 64M
 Heap Max Capacity: 1004M
 Pre-touch: Disabled
 Parallel Workers: 4
 Concurrent Workers: 1
 Concurrent Refinement Workers: 4
 Periodic GC: Disabled
Heap:
 garbage-first heap   total 65536K, used 15084K [0x00000000c1400000, 0x0000000100000000)
  region size 1024K, 3 young (3072K), 1 survivors (1024K)
 Metaspace       used 16796K, committed 17024K, reserved 1114112K
  class space    used 1877K, committed 1984K, reserved 1048576K
GC Heap History (10 events):
Event: 2.320 GC heap before
{Heap before GC invocations=0 (full 0):
 garbage-first heap   total 65536K, used 12288K [0x00000000c1400000, 0x0000000100000000)
  region size 1024K, 13 young (13312K), 0 survivors (0K)
 Metaspace       used 3637K, committed 3712K, reserved 1114112K
  class space    used 364K, committed 384K, reserved 1048576K
}
Event: 2.333 GC heap after
{Heap after GC invocations=1 (full 0):
 garbage-first heap   total 65536K, used 3168K [0x00000000c1400000, 0x0000000100000000)
  region size 1024K, 2 young (2048K), 2 survivors (2048K)
 Metaspace       used 3637K, committed 3712K, reserved 1114112K
  class space    used 364K, committed 384K, reserved 1048576K
}
Event: 3.317 GC heap before
{Heap before GC invocations=1 (full 0):
 garbage-first heap   total 65536K, used 19552K [0x00000000c1400000, 0x0000000100000000)
  region size 1024K, 18 young (18432K), 2 survivors (2048K)
 Metaspace       used 6153K, committed 6336K, reserved 1114112K
  class space    used 714K, committed 832K, reserved 1048576K
}
Event: 3.324 GC heap after
{Heap after GC invocations=2 (full 0):
 garbage-first heap   total 65536K, used 3876K [0x00000000c1400000, 0x0000000100000000)
  region size 1024K, 1 young (1024K), 1 survivors (1024K)
 Metaspace       used 6153K, committed 6336K, reserved 1114112K
  class space    used 714K, committed 832K, reserved 1048576K
}
Event: 5.157 GC heap before
{Heap before GC invocations=2 (full 0):
 garbage-first heap   total 65536K, used 40740K [0x00000000c1400000, 0x0000000100000000)
  region size 1024K, 38 young (38912K), 1 survivors (1024K)
 Metaspace       used 12137K, committed 12352K, reserved 1114112K
  class space    used 1452K, committed 1536K, reserved 1048576K
}
Event: 5.166 GC heap after
{Heap after GC invocations=3 (full 0):
 garbage-first heap   total 65536K, used 6432K [0x00000000c1400000, 0x0000000100000000)
  region size 1024K, 4 young (4096K), 4 survivors (4096K)
 Metaspace       used 12137K, committed 12352K, reserved 1114112K
  class space    used 1452K, committed 1536K, reserved 1048576K
}
Event: 6.659 GC heap before
{Heap before GC invocations=3 (full 0):
 garbage-first heap   total 65536K, used 41248K [0x00000000c1400000, 0x0000000100000000)
  region size 1024K, 38 young (38912K), 4 survivors (4096K)
 Metaspace       used 15631K, committed 15872K, reserved 1114112K
  class space    used 1805K, committed 1920K, reserved 1048576K
}
Event: 6.683 GC heap after
{Heap after GC invocations=4 (full 0):
 garbage-first heap   total 65536K, used 11106K [0x00000000c1400000, 0x0000000100000000)
  region size 1024K, 5 young (5120K), 5 survivors (5120K)
 Metaspace       used 15631K, committed 15872K, reserved 1114112K
  class space    used 1805K, committed 1920K, reserved 1048576K
}
Event: 8.283 GC heap before
{Heap before GC invocations=4 (full 0):
 garbage-first heap   total 65536K, used 44898K [0x00000000c1400000, 0x0000000100000000)
  region size 1024K, 38 young (38912K), 5 survivors (5120K)
 Metaspace       used 16258K, committed 16576K, reserved 1114112K
  class space    used 1858K, committed 1984K, reserved 1048576K
}
Event: 8.301 GC heap after
{Heap after GC invocations=5 (full 0):
 garbage-first heap   total 65536K, used 13791K [0x00000000c1400000, 0x0000000100000000)
  region size 1024K, 3 young (3072K), 3 survivors (3072K)
 Metaspace       used 16258K, committed 16576K, reserved 1114112K
  class space    used 1858K, committed 1984K, reserved 1048576K
}

