# JRE version: OpenJDK Runtime Environment Temurin-21.0.7+6 (21.0.7+6) (build 21.0.7+6-LTS)
# Java VM: OpenJDK 64-Bit Server VM Temurin-21.0.7+6 (21.0.7+6-LTS, mixed mode, sharing, tiered, compressed oops, compressed class ptrs, g1 gc, windows-amd64)
GC Precious Log:
 CardTable entry size: 512
 Card Set container configuration: InlinePtr #cards 5 size 8 Array Of Cards #cards 12 size 40 Howl #buckets 4 coarsen threshold 1843 Howl Bitmap #cards 512 size 80 coarsen threshold 460 Card regions per heap region 1 cards per card region 2048
 CPUs: 4 total, 4 available
 Memory: 4008M
 Large Page Support: Disabled
 NUMA Support: Disabled
 Compressed Oops: Enabled (32-bit)
 Heap Region Size: 1M
 Heap Min Capacity: 8M
 Heap Initial Capacity: 64M
 Heap Max Capacity: 1004M
 Pre-touch: Disabled
 Parallel Workers: 4
 Concurrent Workers: 1
 Concurrent Refinement Workers: 4
 Periodic GC: Disabled
Heap:
 garbage-first heap   total 88064K, used 23672K [0x00000000c1400000, 0x0000000100000000)
  region size 1024K, 10 young (10240K), 3 survivors (3072K)
 Metaspace       used 19589K, committed 19904K, reserved 1114112K
  class space    used 2151K, committed 2304K, reserved 1048576K
GC Heap History (20 events):
Event: 238.117 GC heap before
{Heap before GC invocations=5 (full 0):
 garbage-first heap   total 65536K, used 13841K [0x00000000c1400000, 0x0000000100000000)
  region size 1024K, 6 young (6144K), 5 survivors (5120K)
 Metaspace       used 16017K, committed 16192K, reserved 1114112K
  class space    used 1854K, committed 1920K, reserved 1048576K
}
Event: 238.174 GC heap after
{Heap after GC invocations=6 (full 0):
 garbage-first heap   total 65536K, used 13239K [0x00000000c1400000, 0x0000000100000000)
  region size 1024K, 1 young (1024K), 1 survivors (1024K)
 Metaspace       used 16017K, committed 16192K, reserved 1114112K
  class space    used 1854K, committed 1920K, reserved 1048576K
}
Event: 239.480 GC heap before
{Heap before GC invocations=6 (full 0):
 garbage-first heap   total 65536K, used 15287K [0x00000000c1400000, 0x0000000100000000)
  region size 1024K, 3 young (3072K), 1 survivors (1024K)
 Metaspace       used 16042K, committed 16256K, reserved 1114112K
  class space    used 1854K, committed 1920K, reserved 1048576K
}
Event: 239.558 GC heap after
{Heap after GC invocations=7 (full 0):
 garbage-first heap   total 65536K, used 13022K [0x00000000c1400000, 0x0000000100000000)
  region size 1024K, 1 young (1024K), 1 survivors (1024K)
 Metaspace       used 16042K, committed 16256K, reserved 1114112K
  class space    used 1854K, committed 1920K, reserved 1048576K
}
Event: 241.858 GC heap before
{Heap before GC invocations=7 (full 0):
 garbage-first heap   total 65536K, used 15070K [0x00000000c1400000, 0x0000000100000000)
  region size 1024K, 3 young (3072K), 1 survivors (1024K)
 Metaspace       used 16067K, committed 16320K, reserved 1114112K
  class space    used 1854K, committed 1920K, reserved 1048576K
}
Event: 242.011 GC heap after
{Heap after GC invocations=8 (full 0):
 garbage-first heap   total 88064K, used 12948K [0x00000000c1400000, 0x0000000100000000)
  region size 1024K, 1 young (1024K), 1 survivors (1024K)
 Metaspace       used 16067K, committed 16320K, reserved 1114112K
  class space    used 1854K, committed 1920K, reserved 1048576K
}
Event: 246.974 GC heap before
{Heap before GC invocations=8 (full 0):
 garbage-first heap   total 88064K, used 19092K [0x00000000c1400000, 0x0000000100000000)
  region size 1024K, 7 young (7168K), 1 survivors (1024K)
 Metaspace       used 16159K, committed 16448K, reserved 1114112K
  class space    used 1855K, committed 1984K, reserved 1048576K
}
Event: 246.982 GC heap after
{Heap after GC invocations=9 (full 0):
 garbage-first heap   total 88064K, used 13510K [0x00000000c1400000, 0x0000000100000000)
  region size 1024K, 1 young (1024K), 1 survivors (1024K)
 Metaspace       used 16159K, committed 16448K, reserved 1114112K
  class space    used 1855K, committed 1984K, reserved 1048576K
}
Event: 274.580 GC heap before
{Heap before GC invocations=9 (full 0):
 garbage-first heap   total 88064K, used 29894K [0x00000000c1400000, 0x0000000100000000)
  region size 1024K, 18 young (18432K), 1 survivors (1024K)
 Metaspace       used 16335K, committed 16640K, reserved 1114112K
  class space    used 1857K, committed 1984K, reserved 1048576K
}
Event: 274.620 GC heap after
{Heap after GC invocations=10 (full 0):
 garbage-first heap   total 88064K, used 13879K [0x00000000c1400000, 0x0000000100000000)
  region size 1024K, 2 young (2048K), 2 survivors (2048K)
 Metaspace       used 16335K, committed 16640K, reserved 1114112K
  class space    used 1857K, committed 1984K, reserved 1048576K
}
Event: 315.051 GC heap before
{Heap before GC invocations=10 (full 0):
 garbage-first heap   total 88064K, used 65079K [0x00000000c1400000, 0x0000000100000000)
  region size 1024K, 34 young (34816K), 2 survivors (2048K)
 Metaspace       used 17743K, committed 18048K, reserved 1114112K
  class space    used 1991K, committed 2176K, reserved 1048576K
}
Event: 315.431 GC heap after
{Heap after GC invocations=11 (full 0):
 garbage-first heap   total 88064K, used 36156K [0x00000000c1400000, 0x0000000100000000)
  region size 1024K, 3 young (3072K), 3 survivors (3072K)
 Metaspace       used 17743K, committed 18048K, reserved 1114112K
  class space    used 1991K, committed 2176K, reserved 1048576K
}
Event: 319.200 GC heap before
{Heap before GC invocations=11 (full 0):
 garbage-first heap   total 88064K, used 49468K [0x00000000c1400000, 0x0000000100000000)
  region size 1024K, 4 young (4096K), 3 survivors (3072K)
 Metaspace       used 17772K, committed 18112K, reserved 1114112K
  class space    used 1994K, committed 2176K, reserved 1048576K
}
Event: 319.554 GC heap after
{Heap after GC invocations=12 (full 0):
 garbage-first heap   total 88064K, used 15800K [0x00000000c1400000, 0x0000000100000000)
  region size 1024K, 1 young (1024K), 1 survivors (1024K)
 Metaspace       used 17772K, committed 18112K, reserved 1114112K
  class space    used 1994K, committed 2176K, reserved 1048576K
}
Event: 365.553 GC heap before
{Heap before GC invocations=12 (full 0):
 garbage-first heap   total 88064K, used 26040K [0x00000000c1400000, 0x0000000100000000)
  region size 1024K, 11 young (11264K), 1 survivors (1024K)
 Metaspace       used 18176K, committed 18496K, reserved 1114112K
  class space    used 2028K, committed 2176K, reserved 1048576K
}
Event: 365.719 GC heap after
{Heap after GC invocations=13 (full 0):
 garbage-first heap   total 88064K, used 16014K [0x00000000c1400000, 0x0000000100000000)
  region size 1024K, 1 young (1024K), 1 survivors (1024K)
 Metaspace       used 18176K, committed 18496K, reserved 1114112K
  class space    used 2028K, committed 2176K, reserved 1048576K
}
Event: 387.894 GC heap before
{Heap before GC invocations=13 (full 0):
 garbage-first heap   total 88064K, used 31374K [0x00000000c1400000, 0x0000000100000000)
  region size 1024K, 16 young (16384K), 1 survivors (1024K)
 Metaspace       used 18803K, committed 19136K, reserved 1114112K
  class space    used 2077K, committed 2240K, reserved 1048576K
}
Event: 387.901 GC heap after
{Heap after GC invocations=14 (full 0):
 garbage-first heap   total 88064K, used 17085K [0x00000000c1400000, 0x0000000100000000)
  region size 1024K, 2 young (2048K), 2 survivors (2048K)
 Metaspace       used 18803K, committed 19136K, reserved 1114112K
  class space    used 2077K, committed 2240K, reserved 1048576K
}
Event: 412.453 GC heap before
{Heap before GC invocations=14 (full 0):
 garbage-first heap   total 88064K, used 31421K [0x00000000c1400000, 0x0000000100000000)
  region size 1024K, 17 young (17408K), 2 survivors (2048K)
 Metaspace       used 19093K, committed 19392K, reserved 1114112K
  class space    used 2104K, committed 2240K, reserved 1048576K
}
Event: 412.515 GC heap after
{Heap after GC invocations=15 (full 0):
 garbage-first heap   total 88064K, used 18552K [0x00000000c1400000, 0x0000000100000000)
  region size 1024K, 3 young (3072K), 3 survivors (3072K)
 Metaspace       used 19093K, committed 19392K, reserved 1114112K
  class space    used 2104K, committed 2240K, reserved 1048576K
}

