# JRE version: OpenJDK Runtime Environment Temurin-21.0.7+6 (21.0.7+6) (build 21.0.7+6-LTS)
# Java VM: OpenJDK 64-Bit Server VM Temurin-21.0.7+6 (21.0.7+6-LTS, mixed mode, sharing, tiered, compressed oops, compressed class ptrs, g1 gc, windows-amd64)
GC Precious Log:
 CardTable entry size: 512
 Card Set container configuration: InlinePtr #cards 5 size 8 Array Of Cards #cards 12 size 40 Howl #buckets 4 coarsen threshold 1843 Howl Bitmap #cards 512 size 80 coarsen threshold 460 Card regions per heap region 1 cards per card region 2048
 CPUs: 4 total, 4 available
 Memory: 4008M
 Large Page Support: Disabled
 NUMA Support: Disabled
 Compressed Oops: Enabled (32-bit)
 Heap Region Size: 1M
 Heap Min Capacity: 8M
 Heap Initial Capacity: 64M
 Heap Max Capacity: 1004M
 Pre-touch: Disabled
 Parallel Workers: 4
 Concurrent Workers: 1
 Concurrent Refinement Workers: 4
 Periodic GC: Disabled
Heap:
 garbage-first heap   total 65536K, used 18654K [0x00000000c1400000, 0x0000000100000000)
  region size 1024K, 7 young (7168K), 1 survivors (1024K)
 Metaspace       used 17067K, committed 17408K, reserved 1114112K
  class space    used 1958K, committed 2112K, reserved 1048576K
GC Heap History (16 events):
Event: 115.459 GC heap before
{Heap before GC invocations=0 (full 0):
 garbage-first heap   total 65536K, used 13312K [0x00000000c1400000, 0x0000000100000000)
  region size 1024K, 13 young (13312K), 0 survivors (0K)
 Metaspace       used 3624K, committed 3712K, reserved 1114112K
  class space    used 363K, committed 384K, reserved 1048576K
}
Event: 115.956 GC heap after
{Heap after GC invocations=1 (full 0):
 garbage-first heap   total 65536K, used 3232K [0x00000000c1400000, 0x0000000100000000)
  region size 1024K, 2 young (2048K), 2 survivors (2048K)
 Metaspace       used 3624K, committed 3712K, reserved 1114112K
  class space    used 363K, committed 384K, reserved 1048576K
}
Event: 122.145 GC heap before
{Heap before GC invocations=1 (full 0):
 garbage-first heap   total 65536K, used 6304K [0x00000000c1400000, 0x0000000100000000)
  region size 1024K, 5 young (5120K), 2 survivors (2048K)
 Metaspace       used 4528K, committed 4672K, reserved 1114112K
  class space    used 491K, committed 576K, reserved 1048576K
}
Event: 122.185 GC heap after
{Heap after GC invocations=2 (full 0):
 garbage-first heap   total 65536K, used 3622K [0x00000000c1400000, 0x0000000100000000)
  region size 1024K, 1 young (1024K), 1 survivors (1024K)
 Metaspace       used 4528K, committed 4672K, reserved 1114112K
  class space    used 491K, committed 576K, reserved 1048576K
}
Event: 132.024 GC heap before
{Heap before GC invocations=2 (full 0):
 garbage-first heap   total 65536K, used 16934K [0x00000000c1400000, 0x0000000100000000)
  region size 1024K, 15 young (15360K), 1 survivors (1024K)
 Metaspace       used 6289K, committed 6464K, reserved 1114112K
  class space    used 722K, committed 832K, reserved 1048576K
}
Event: 132.027 GC heap after
{Heap after GC invocations=3 (full 0):
 garbage-first heap   total 65536K, used 4106K [0x00000000c1400000, 0x0000000100000000)
  region size 1024K, 1 young (1024K), 1 survivors (1024K)
 Metaspace       used 6289K, committed 6464K, reserved 1114112K
  class space    used 722K, committed 832K, reserved 1048576K
}
Event: 162.069 GC heap before
{Heap before GC invocations=3 (full 0):
 garbage-first heap   total 65536K, used 40970K [0x00000000c1400000, 0x0000000100000000)
  region size 1024K, 38 young (38912K), 1 survivors (1024K)
 Metaspace       used 12483K, committed 12672K, reserved 1114112K
  class space    used 1510K, committed 1600K, reserved 1048576K
}
Event: 162.135 GC heap after
{Heap after GC invocations=4 (full 0):
 garbage-first heap   total 65536K, used 6735K [0x00000000c1400000, 0x0000000100000000)
  region size 1024K, 4 young (4096K), 4 survivors (4096K)
 Metaspace       used 12483K, committed 12672K, reserved 1114112K
  class space    used 1510K, committed 1600K, reserved 1048576K
}
Event: 249.124 GC heap before
{Heap before GC invocations=4 (full 0):
 garbage-first heap   total 65536K, used 41551K [0x00000000c1400000, 0x0000000100000000)
  region size 1024K, 38 young (38912K), 4 survivors (4096K)
 Metaspace       used 15765K, committed 16000K, reserved 1114112K
  class space    used 1824K, committed 1920K, reserved 1048576K
}
Event: 249.930 GC heap after
{Heap after GC invocations=5 (full 0):
 garbage-first heap   total 65536K, used 11194K [0x00000000c1400000, 0x0000000100000000)
  region size 1024K, 5 young (5120K), 5 survivors (5120K)
 Metaspace       used 15765K, committed 16000K, reserved 1114112K
  class space    used 1824K, committed 1920K, reserved 1048576K
}
Event: 254.008 GC heap before
{Heap before GC invocations=5 (full 0):
 garbage-first heap   total 65536K, used 12218K [0x00000000c1400000, 0x0000000100000000)
  region size 1024K, 6 young (6144K), 5 survivors (5120K)
 Metaspace       used 15778K, committed 16000K, reserved 1114112K
  class space    used 1824K, committed 1920K, reserved 1048576K
}
Event: 254.038 GC heap after
{Heap after GC invocations=6 (full 0):
 garbage-first heap   total 65536K, used 12044K [0x00000000c1400000, 0x0000000100000000)
  region size 1024K, 1 young (1024K), 1 survivors (1024K)
 Metaspace       used 15778K, committed 16000K, reserved 1114112K
  class space    used 1824K, committed 1920K, reserved 1048576K
}
Event: 352.931 GC heap before
{Heap before GC invocations=6 (full 0):
 garbage-first heap   total 65536K, used 33548K [0x00000000c1400000, 0x0000000100000000)
  region size 1024K, 23 young (23552K), 1 survivors (1024K)
 Metaspace       used 16194K, committed 16448K, reserved 1114112K
  class space    used 1855K, committed 1984K, reserved 1048576K
}
Event: 353.146 GC heap after
{Heap after GC invocations=7 (full 0):
 garbage-first heap   total 65536K, used 13788K [0x00000000c1400000, 0x0000000100000000)
  region size 1024K, 3 young (3072K), 3 survivors (3072K)
 Metaspace       used 16194K, committed 16448K, reserved 1114112K
  class space    used 1855K, committed 1984K, reserved 1048576K
}
Event: 376.280 GC heap before
{Heap before GC invocations=7 (full 0):
 garbage-first heap   total 65536K, used 27100K [0x00000000c1400000, 0x0000000100000000)
  region size 1024K, 16 young (16384K), 3 survivors (3072K)
 Metaspace       used 16485K, committed 16768K, reserved 1114112K
  class space    used 1873K, committed 1984K, reserved 1048576K
}
Event: 376.360 GC heap after
{Heap after GC invocations=8 (full 0):
 garbage-first heap   total 65536K, used 13534K [0x00000000c1400000, 0x0000000100000000)
  region size 1024K, 1 young (1024K), 1 survivors (1024K)
 Metaspace       used 16485K, committed 16768K, reserved 1114112K
  class space    used 1873K, committed 1984K, reserved 1048576K
}

