# JRE version: OpenJDK Runtime Environment Temurin-21.0.7+6 (21.0.7+6) (build 21.0.7+6-LTS)
# Java VM: OpenJDK 64-Bit Server VM Temurin-21.0.7+6 (21.0.7+6-LTS, mixed mode, sharing, tiered, compressed oops, compressed class ptrs, g1 gc, windows-amd64)
GC Precious Log:
 CardTable entry size: 512
 Card Set container configuration: InlinePtr #cards 5 size 8 Array Of Cards #cards 12 size 40 Howl #buckets 4 coarsen threshold 1843 Howl Bitmap #cards 512 size 80 coarsen threshold 460 Card regions per heap region 1 cards per card region 2048
 CPUs: 4 total, 4 available
 Memory: 4008M
 Large Page Support: Disabled
 NUMA Support: Disabled
 Compressed Oops: Enabled (32-bit)
 Heap Region Size: 1M
 Heap Min Capacity: 8M
 Heap Initial Capacity: 64M
 Heap Max Capacity: 1004M
 Pre-touch: Disabled
 Parallel Workers: 4
 Concurrent Workers: 1
 Concurrent Refinement Workers: 4
 Periodic GC: Disabled
Heap:
 garbage-first heap   total 80896K, used 52423K [0x00000000c1400000, 0x0000000100000000)
  region size 1024K, 9 young (9216K), 3 survivors (3072K)
 Metaspace       used 17599K, committed 17920K, reserved 1114112K
  class space    used 1997K, committed 2176K, reserved 1048576K
GC Heap History (16 events):
Event: 3.596 GC heap before
{Heap before GC invocations=0 (full 0):
 garbage-first heap   total 65536K, used 13312K [0x00000000c1400000, 0x0000000100000000)
  region size 1024K, 13 young (13312K), 0 survivors (0K)
 Metaspace       used 3621K, committed 3712K, reserved 1114112K
  class space    used 363K, committed 384K, reserved 1048576K
}
Event: 3.782 GC heap after
{Heap after GC invocations=1 (full 0):
 garbage-first heap   total 65536K, used 3168K [0x00000000c1400000, 0x0000000100000000)
  region size 1024K, 2 young (2048K), 2 survivors (2048K)
 Metaspace       used 3621K, committed 3712K, reserved 1114112K
  class space    used 363K, committed 384K, reserved 1048576K
}
Event: 5.136 GC heap before
{Heap before GC invocations=1 (full 0):
 garbage-first heap   total 65536K, used 13408K [0x00000000c1400000, 0x0000000100000000)
  region size 1024K, 12 young (12288K), 2 survivors (2048K)
 Metaspace       used 5634K, committed 5888K, reserved 1114112K
  class space    used 652K, committed 768K, reserved 1048576K
}
Event: 5.144 GC heap after
{Heap after GC invocations=2 (full 0):
 garbage-first heap   total 65536K, used 4059K [0x00000000c1400000, 0x0000000100000000)
  region size 1024K, 1 young (1024K), 1 survivors (1024K)
 Metaspace       used 5634K, committed 5888K, reserved 1114112K
  class space    used 652K, committed 768K, reserved 1048576K
}
Event: 7.506 GC heap before
{Heap before GC invocations=2 (full 0):
 garbage-first heap   total 65536K, used 25563K [0x00000000c1400000, 0x0000000100000000)
  region size 1024K, 23 young (23552K), 1 survivors (1024K)
 Metaspace       used 8121K, committed 8320K, reserved 1114112K
  class space    used 932K, committed 1024K, reserved 1048576K
}
Event: 7.512 GC heap after
{Heap after GC invocations=3 (full 0):
 garbage-first heap   total 65536K, used 4685K [0x00000000c1400000, 0x0000000100000000)
  region size 1024K, 2 young (2048K), 2 survivors (2048K)
 Metaspace       used 8121K, committed 8320K, reserved 1114112K
  class space    used 932K, committed 1024K, reserved 1048576K
}
Event: 14.688 GC heap before
{Heap before GC invocations=3 (full 0):
 garbage-first heap   total 65536K, used 41549K [0x00000000c1400000, 0x0000000100000000)
  region size 1024K, 38 young (38912K), 2 survivors (2048K)
 Metaspace       used 15138K, committed 15360K, reserved 1114112K
  class space    used 1783K, committed 1856K, reserved 1048576K
}
Event: 14.709 GC heap after
{Heap after GC invocations=4 (full 0):
 garbage-first heap   total 65536K, used 8575K [0x00000000c1400000, 0x0000000100000000)
  region size 1024K, 5 young (5120K), 5 survivors (5120K)
 Metaspace       used 15138K, committed 15360K, reserved 1114112K
  class space    used 1783K, committed 1856K, reserved 1048576K
}
Event: 19.816 GC heap before
{Heap before GC invocations=4 (full 0):
 garbage-first heap   total 65536K, used 42367K [0x00000000c1400000, 0x0000000100000000)
  region size 1024K, 38 young (38912K), 5 survivors (5120K)
 Metaspace       used 16080K, committed 16320K, reserved 1114112K
  class space    used 1854K, committed 1920K, reserved 1048576K
}
Event: 19.846 GC heap after
{Heap after GC invocations=5 (full 0):
 garbage-first heap   total 65536K, used 12761K [0x00000000c1400000, 0x0000000100000000)
  region size 1024K, 4 young (4096K), 4 survivors (4096K)
 Metaspace       used 16080K, committed 16320K, reserved 1114112K
  class space    used 1854K, committed 1920K, reserved 1048576K
}
Event: 23.099 GC heap before
{Heap before GC invocations=5 (full 0):
 garbage-first heap   total 65536K, used 47577K [0x00000000c1400000, 0x0000000100000000)
  region size 1024K, 38 young (38912K), 4 survivors (4096K)
 Metaspace       used 16612K, committed 16896K, reserved 1114112K
  class space    used 1874K, committed 1984K, reserved 1048576K
}
Event: 23.113 GC heap after
{Heap after GC invocations=6 (full 0):
 garbage-first heap   total 65536K, used 14123K [0x00000000c1400000, 0x0000000100000000)
  region size 1024K, 2 young (2048K), 2 survivors (2048K)
 Metaspace       used 16612K, committed 16896K, reserved 1114112K
  class space    used 1874K, committed 1984K, reserved 1048576K
}
Event: 24.512 GC heap before
{Heap before GC invocations=6 (full 0):
 garbage-first heap   total 65536K, used 28459K [0x00000000c1400000, 0x0000000100000000)
  region size 1024K, 9 young (9216K), 2 survivors (2048K)
 Metaspace       used 17560K, committed 17856K, reserved 1114112K
  class space    used 1989K, committed 2176K, reserved 1048576K
}
Event: 24.519 GC heap after
{Heap after GC invocations=7 (full 0):
 garbage-first heap   total 65536K, used 22736K [0x00000000c1400000, 0x0000000100000000)
  region size 1024K, 3 young (3072K), 3 survivors (3072K)
 Metaspace       used 17560K, committed 17856K, reserved 1114112K
  class space    used 1989K, committed 2176K, reserved 1048576K
}
Event: 24.523 GC heap before
{Heap before GC invocations=7 (full 0):
 garbage-first heap   total 65536K, used 35024K [0x00000000c1400000, 0x0000000100000000)
  region size 1024K, 4 young (4096K), 3 survivors (3072K)
 Metaspace       used 17560K, committed 17856K, reserved 1114112K
  class space    used 1989K, committed 2176K, reserved 1048576K
}
Event: 24.529 GC heap after
{Heap after GC invocations=8 (full 0):
 garbage-first heap   total 65536K, used 35015K [0x00000000c1400000, 0x0000000100000000)
  region size 1024K, 3 young (3072K), 3 survivors (3072K)
 Metaspace       used 17560K, committed 17856K, reserved 1114112K
  class space    used 1989K, committed 2176K, reserved 1048576K
}

