# JRE version: OpenJDK Runtime Environment Temurin-21.0.7+6 (21.0.7+6) (build 21.0.7+6-LTS)
# Java VM: OpenJDK 64-Bit Server VM Temurin-21.0.7+6 (21.0.7+6-LTS, mixed mode, sharing, tiered, compressed oops, compressed class ptrs, g1 gc, windows-amd64)
GC Precious Log:
 CardTable entry size: 512
 Card Set container configuration: InlinePtr #cards 5 size 8 Array Of Cards #cards 12 size 40 Howl #buckets 4 coarsen threshold 1843 Howl Bitmap #cards 512 size 80 coarsen threshold 460 Card regions per heap region 1 cards per card region 2048
 CPUs: 4 total, 4 available
 Memory: 4008M
 Large Page Support: Disabled
 NUMA Support: Disabled
 Compressed Oops: Enabled (32-bit)
 Heap Region Size: 1M
 Heap Min Capacity: 8M
 Heap Initial Capacity: 64M
 Heap Max Capacity: 1004M
 Pre-touch: Disabled
 Parallel Workers: 4
 Concurrent Workers: 1
 Concurrent Refinement Workers: 4
 Periodic GC: Disabled
Heap:
 garbage-first heap   total 89088K, used 28375K [0x00000000c1400000, 0x0000000100000000)
  region size 1024K, 11 young (11264K), 1 survivors (1024K)
 Metaspace       used 26840K, committed 27200K, reserved 1114112K
  class space    used 2987K, committed 3136K, reserved 1048576K
GC Heap History (20 events):
Event: 9.774 GC heap before
{Heap before GC invocations=2 (full 0):
 garbage-first heap   total 65536K, used 41062K [0x00000000c1400000, 0x0000000100000000)
  region size 1024K, 38 young (38912K), 1 survivors (1024K)
 Metaspace       used 12040K, committed 12288K, reserved 1114112K
  class space    used 1434K, committed 1536K, reserved 1048576K
}
Event: 9.785 GC heap after
{Heap after GC invocations=3 (full 0):
 garbage-first heap   total 65536K, used 6632K [0x00000000c1400000, 0x0000000100000000)
  region size 1024K, 4 young (4096K), 4 survivors (4096K)
 Metaspace       used 12040K, committed 12288K, reserved 1114112K
  class space    used 1434K, committed 1536K, reserved 1048576K
}
Event: 17.410 GC heap before
{Heap before GC invocations=3 (full 0):
 garbage-first heap   total 65536K, used 34280K [0x00000000c1400000, 0x0000000100000000)
  region size 1024K, 33 young (33792K), 4 survivors (4096K)
 Metaspace       used 21260K, committed 21504K, reserved 1114112K
  class space    used 2508K, committed 2560K, reserved 1048576K
}
Event: 17.437 GC heap after
{Heap after GC invocations=4 (full 0):
 garbage-first heap   total 65536K, used 11674K [0x00000000c1400000, 0x0000000100000000)
  region size 1024K, 5 young (5120K), 5 survivors (5120K)
 Metaspace       used 21260K, committed 21504K, reserved 1114112K
  class space    used 2508K, committed 2560K, reserved 1048576K
}
Event: 22.727 GC heap before
{Heap before GC invocations=5 (full 0):
 garbage-first heap   total 40960K, used 31130K [0x00000000c1400000, 0x0000000100000000)
  region size 1024K, 24 young (24576K), 5 survivors (5120K)
 Metaspace       used 23421K, committed 23680K, reserved 1114112K
  class space    used 2719K, committed 2816K, reserved 1048576K
}
Event: 22.749 GC heap after
{Heap after GC invocations=6 (full 0):
 garbage-first heap   total 40960K, used 14443K [0x00000000c1400000, 0x0000000100000000)
  region size 1024K, 3 young (3072K), 3 survivors (3072K)
 Metaspace       used 23421K, committed 23680K, reserved 1114112K
  class space    used 2719K, committed 2816K, reserved 1048576K
}
Event: 28.621 GC heap before
{Heap before GC invocations=6 (full 0):
 garbage-first heap   total 40960K, used 30827K [0x00000000c1400000, 0x0000000100000000)
  region size 1024K, 19 young (19456K), 3 survivors (3072K)
 Metaspace       used 23917K, committed 24192K, reserved 1114112K
  class space    used 2757K, committed 2880K, reserved 1048576K
}
Event: 28.636 GC heap after
{Heap after GC invocations=7 (full 0):
 garbage-first heap   total 40960K, used 16297K [0x00000000c1400000, 0x0000000100000000)
  region size 1024K, 2 young (2048K), 2 survivors (2048K)
 Metaspace       used 23917K, committed 24192K, reserved 1114112K
  class space    used 2757K, committed 2880K, reserved 1048576K
}
Event: 38.454 GC heap before
{Heap before GC invocations=7 (full 0):
 garbage-first heap   total 40960K, used 32681K [0x00000000c1400000, 0x0000000100000000)
  region size 1024K, 18 young (18432K), 2 survivors (2048K)
 Metaspace       used 24340K, committed 24576K, reserved 1114112K
  class space    used 2784K, committed 2880K, reserved 1048576K
}
Event: 38.464 GC heap after
{Heap after GC invocations=8 (full 0):
 garbage-first heap   total 40960K, used 17958K [0x00000000c1400000, 0x0000000100000000)
  region size 1024K, 2 young (2048K), 2 survivors (2048K)
 Metaspace       used 24340K, committed 24576K, reserved 1114112K
  class space    used 2784K, committed 2880K, reserved 1048576K
}
Event: 42.667 GC heap before
{Heap before GC invocations=8 (full 0):
 garbage-first heap   total 40960K, used 33318K [0x00000000c1400000, 0x0000000100000000)
  region size 1024K, 17 young (17408K), 2 survivors (2048K)
 Metaspace       used 24543K, committed 24768K, reserved 1114112K
  class space    used 2785K, committed 2880K, reserved 1048576K
}
Event: 42.673 GC heap after
{Heap after GC invocations=9 (full 0):
 garbage-first heap   total 40960K, used 18336K [0x00000000c1400000, 0x0000000100000000)
  region size 1024K, 2 young (2048K), 2 survivors (2048K)
 Metaspace       used 24543K, committed 24768K, reserved 1114112K
  class space    used 2785K, committed 2880K, reserved 1048576K
}
Event: 48.554 GC heap before
{Heap before GC invocations=9 (full 0):
 garbage-first heap   total 40960K, used 33696K [0x00000000c1400000, 0x0000000100000000)
  region size 1024K, 18 young (18432K), 2 survivors (2048K)
 Metaspace       used 24816K, committed 25024K, reserved 1114112K
  class space    used 2803K, committed 2880K, reserved 1048576K
}
Event: 48.560 GC heap after
{Heap after GC invocations=10 (full 0):
 garbage-first heap   total 40960K, used 18122K [0x00000000c1400000, 0x0000000100000000)
  region size 1024K, 1 young (1024K), 1 survivors (1024K)
 Metaspace       used 24816K, committed 25024K, reserved 1114112K
  class space    used 2803K, committed 2880K, reserved 1048576K
}
Event: 51.179 GC heap before
{Heap before GC invocations=10 (full 0):
 garbage-first heap   total 40960K, used 28362K [0x00000000c1400000, 0x0000000100000000)
  region size 1024K, 13 young (13312K), 1 survivors (1024K)
 Metaspace       used 25867K, committed 26112K, reserved 1114112K
  class space    used 2908K, committed 3008K, reserved 1048576K
}
Event: 51.185 GC heap after
{Heap after GC invocations=11 (full 0):
 garbage-first heap   total 40960K, used 18905K [0x00000000c1400000, 0x0000000100000000)
  region size 1024K, 2 young (2048K), 2 survivors (2048K)
 Metaspace       used 25867K, committed 26112K, reserved 1114112K
  class space    used 2908K, committed 3008K, reserved 1048576K
}
Event: 51.195 GC heap before
{Heap before GC invocations=11 (full 0):
 garbage-first heap   total 40960K, used 27097K [0x00000000c1400000, 0x0000000100000000)
  region size 1024K, 3 young (3072K), 2 survivors (2048K)
 Metaspace       used 25869K, committed 26112K, reserved 1114112K
  class space    used 2908K, committed 3008K, reserved 1048576K
}
Event: 51.200 GC heap after
{Heap after GC invocations=12 (full 0):
 garbage-first heap   total 40960K, used 27194K [0x00000000c1400000, 0x0000000100000000)
  region size 1024K, 2 young (2048K), 2 survivors (2048K)
 Metaspace       used 25869K, committed 26112K, reserved 1114112K
  class space    used 2908K, committed 3008K, reserved 1048576K
}
Event: 52.069 GC heap before
{Heap before GC invocations=13 (full 0):
 garbage-first heap   total 89088K, used 56890K [0x00000000c1400000, 0x0000000100000000)
  region size 1024K, 7 young (7168K), 2 survivors (2048K)
 Metaspace       used 25952K, committed 26304K, reserved 1114112K
  class space    used 2915K, committed 3072K, reserved 1048576K
}
Event: 52.074 GC heap after
{Heap after GC invocations=14 (full 0):
 garbage-first heap   total 89088K, used 19159K [0x00000000c1400000, 0x0000000100000000)
  region size 1024K, 1 young (1024K), 1 survivors (1024K)
 Metaspace       used 25952K, committed 26304K, reserved 1114112K
  class space    used 2915K, committed 3072K, reserved 1048576K
}

