# JRE version: OpenJDK Runtime Environment Temurin-21.0.7+6 (21.0.7+6) (build 21.0.7+6-LTS)
# Java VM: OpenJDK 64-Bit Server VM Temurin-21.0.7+6 (21.0.7+6-LTS, mixed mode, emulated-client, sharing, tiered, compressed oops, compressed class ptrs, g1 gc, windows-amd64)
GC Precious Log:
 CardTable entry size: 512
 Card Set container configuration: InlinePtr #cards 5 size 8 Array Of Cards #cards 12 size 40 Howl #buckets 4 coarsen threshold 1843 Howl Bitmap #cards 512 size 80 coarsen threshold 460 Card regions per heap region 1 cards per card region 2048
 CPUs: 4 total, 4 available
 Memory: 4008M
 Large Page Support: Disabled
 NUMA Support: Disabled
 Compressed Oops: Enabled (32-bit)
 Heap Region Size: 1M
 Heap Min Capacity: 8M
 Heap Initial Capacity: 64M
 Heap Max Capacity: 1004M
 Pre-touch: Disabled
 Parallel Workers: 4
 Concurrent Workers: 1
 Concurrent Refinement Workers: 4
 Periodic GC: Disabled
Heap:
 garbage-first heap   total 48128K, used 19382K [0x00000000c1400000, 0x0000000100000000)
  region size 1024K, 9 young (9216K), 2 survivors (2048K)
 Metaspace       used 22094K, committed 22592K, reserved 1114112K
  class space    used 3065K, committed 3264K, reserved 1048576K
GC Heap History (10 events):
Event: 1.687 GC heap before
{Heap before GC invocations=0 (full 0):
 garbage-first heap   total 65536K, used 13312K [0x00000000c1400000, 0x0000000100000000)
  region size 1024K, 13 young (13312K), 0 survivors (0K)
 Metaspace       used 2855K, committed 3072K, reserved 1114112K
  class space    used 377K, committed 512K, reserved 1048576K
}
Event: 1.697 GC heap after
{Heap after GC invocations=1 (full 0):
 garbage-first heap   total 65536K, used 4224K [0x00000000c1400000, 0x0000000100000000)
  region size 1024K, 2 young (2048K), 2 survivors (2048K)
 Metaspace       used 2855K, committed 3072K, reserved 1114112K
  class space    used 377K, committed 512K, reserved 1048576K
}
Event: 2.827 GC heap before
{Heap before GC invocations=1 (full 0):
 garbage-first heap   total 65536K, used 19584K [0x00000000c1400000, 0x0000000100000000)
  region size 1024K, 17 young (17408K), 2 survivors (2048K)
 Metaspace       used 6422K, committed 6656K, reserved 1114112K
  class space    used 930K, committed 1024K, reserved 1048576K
}
Event: 2.837 GC heap after
{Heap after GC invocations=2 (full 0):
 garbage-first heap   total 65536K, used 5667K [0x00000000c1400000, 0x0000000100000000)
  region size 1024K, 2 young (2048K), 2 survivors (2048K)
 Metaspace       used 6422K, committed 6656K, reserved 1114112K
  class space    used 930K, committed 1024K, reserved 1048576K
}
Event: 4.041 GC heap before
{Heap before GC invocations=2 (full 0):
 garbage-first heap   total 65536K, used 41507K [0x00000000c1400000, 0x0000000100000000)
  region size 1024K, 38 young (38912K), 2 survivors (2048K)
 Metaspace       used 15594K, committed 15872K, reserved 1114112K
  class space    used 2075K, committed 2176K, reserved 1048576K
}
Event: 4.051 GC heap after
{Heap after GC invocations=3 (full 0):
 garbage-first heap   total 65536K, used 9136K [0x00000000c1400000, 0x0000000100000000)
  region size 1024K, 5 young (5120K), 5 survivors (5120K)
 Metaspace       used 15594K, committed 15872K, reserved 1114112K
  class space    used 2075K, committed 2176K, reserved 1048576K
}
Event: 7.953 GC heap before
{Heap before GC invocations=3 (full 0):
 garbage-first heap   total 65536K, used 42928K [0x00000000c1400000, 0x0000000100000000)
  region size 1024K, 38 young (38912K), 5 survivors (5120K)
 Metaspace       used 19368K, committed 19840K, reserved 1114112K
  class space    used 2644K, committed 2880K, reserved 1048576K
}
Event: 7.968 GC heap after
{Heap after GC invocations=4 (full 0):
 garbage-first heap   total 65536K, used 11938K [0x00000000c1400000, 0x0000000100000000)
  region size 1024K, 4 young (4096K), 4 survivors (4096K)
 Metaspace       used 19368K, committed 19840K, reserved 1114112K
  class space    used 2644K, committed 2880K, reserved 1048576K
}
Event: 9.718 GC heap before
{Heap before GC invocations=4 (full 0):
 garbage-first heap   total 65536K, used 20130K [0x00000000c1400000, 0x0000000100000000)
  region size 1024K, 13 young (13312K), 4 survivors (4096K)
 Metaspace       used 21116K, committed 21504K, reserved 1114112K
  class space    used 2877K, committed 3072K, reserved 1048576K
}
Event: 9.733 GC heap after
{Heap after GC invocations=5 (full 0):
 garbage-first heap   total 65536K, used 13238K [0x00000000c1400000, 0x0000000100000000)
  region size 1024K, 2 young (2048K), 2 survivors (2048K)
 Metaspace       used 21116K, committed 21504K, reserved 1114112K
  class space    used 2877K, committed 3072K, reserved 1048576K
}

