# JRE version: OpenJDK Runtime Environment Temurin-21.0.7+6 (21.0.7+6) (build 21.0.7+6-LTS)
# Java VM: OpenJDK 64-Bit Server VM Temurin-21.0.7+6 (21.0.7+6-LTS, mixed mode, sharing, tiered, compressed oops, compressed class ptrs, g1 gc, windows-amd64)
GC Precious Log:
 CardTable entry size: 512
 Card Set container configuration: InlinePtr #cards 5 size 8 Array Of Cards #cards 12 size 40 Howl #buckets 4 coarsen threshold 1843 Howl Bitmap #cards 512 size 80 coarsen threshold 460 Card regions per heap region 1 cards per card region 2048
 CPUs: 4 total, 4 available
 Memory: 4008M
 Large Page Support: Disabled
 NUMA Support: Disabled
 Compressed Oops: Enabled (32-bit)
 Heap Region Size: 1M
 Heap Min Capacity: 8M
 Heap Initial Capacity: 64M
 Heap Max Capacity: 1004M
 Pre-touch: Disabled
 Parallel Workers: 4
 Concurrent Workers: 1
 Concurrent Refinement Workers: 4
 Periodic GC: Disabled
Heap:
 garbage-first heap   total 65536K, used 35094K [0x00000000c1400000, 0x0000000100000000)
  region size 1024K, 23 young (23552K), 1 survivors (1024K)
 Metaspace       used 16764K, committed 17024K, reserved 1114112K
  class space    used 1871K, committed 1984K, reserved 1048576K
GC Heap History (12 events):
Event: 12.285 GC heap before
{Heap before GC invocations=0 (full 0):
 garbage-first heap   total 65536K, used 12288K [0x00000000c1400000, 0x0000000100000000)
  region size 1024K, 13 young (13312K), 0 survivors (0K)
 Metaspace       used 3629K, committed 3712K, reserved 1114112K
  class space    used 364K, committed 384K, reserved 1048576K
}
Event: 12.401 GC heap after
{Heap after GC invocations=1 (full 0):
 garbage-first heap   total 65536K, used 3200K [0x00000000c1400000, 0x0000000100000000)
  region size 1024K, 2 young (2048K), 2 survivors (2048K)
 Metaspace       used 3629K, committed 3712K, reserved 1114112K
  class space    used 364K, committed 384K, reserved 1048576K
}
Event: 16.711 GC heap before
{Heap before GC invocations=1 (full 0):
 garbage-first heap   total 65536K, used 18560K [0x00000000c1400000, 0x0000000100000000)
  region size 1024K, 17 young (17408K), 2 survivors (2048K)
 Metaspace       used 5972K, committed 6144K, reserved 1114112K
  class space    used 692K, committed 768K, reserved 1048576K
}
Event: 16.721 GC heap after
{Heap after GC invocations=2 (full 0):
 garbage-first heap   total 65536K, used 3964K [0x00000000c1400000, 0x0000000100000000)
  region size 1024K, 1 young (1024K), 1 survivors (1024K)
 Metaspace       used 5972K, committed 6144K, reserved 1114112K
  class space    used 692K, committed 768K, reserved 1048576K
}
Event: 27.621 GC heap before
{Heap before GC invocations=2 (full 0):
 garbage-first heap   total 65536K, used 40828K [0x00000000c1400000, 0x0000000100000000)
  region size 1024K, 38 young (38912K), 1 survivors (1024K)
 Metaspace       used 12103K, committed 12288K, reserved 1114112K
  class space    used 1438K, committed 1536K, reserved 1048576K
}
Event: 27.637 GC heap after
{Heap after GC invocations=3 (full 0):
 garbage-first heap   total 65536K, used 6530K [0x00000000c1400000, 0x0000000100000000)
  region size 1024K, 4 young (4096K), 4 survivors (4096K)
 Metaspace       used 12103K, committed 12288K, reserved 1114112K
  class space    used 1438K, committed 1536K, reserved 1048576K
}
Event: 72.793 GC heap before
{Heap before GC invocations=3 (full 0):
 garbage-first heap   total 65536K, used 41346K [0x00000000c1400000, 0x0000000100000000)
  region size 1024K, 38 young (38912K), 4 survivors (4096K)
 Metaspace       used 15646K, committed 15872K, reserved 1114112K
  class space    used 1803K, committed 1920K, reserved 1048576K
}
Event: 73.040 GC heap after
{Heap after GC invocations=4 (full 0):
 garbage-first heap   total 65536K, used 11130K [0x00000000c1400000, 0x0000000100000000)
  region size 1024K, 5 young (5120K), 5 survivors (5120K)
 Metaspace       used 15646K, committed 15872K, reserved 1114112K
  class space    used 1803K, committed 1920K, reserved 1048576K
}
Event: 188.242 GC heap before
{Heap before GC invocations=4 (full 0):
 garbage-first heap   total 65536K, used 44922K [0x00000000c1400000, 0x0000000100000000)
  region size 1024K, 38 young (38912K), 5 survivors (5120K)
 Metaspace       used 16292K, committed 16576K, reserved 1114112K
  class space    used 1856K, committed 1984K, reserved 1048576K
}
Event: 188.925 GC heap after
{Heap after GC invocations=5 (full 0):
 garbage-first heap   total 65536K, used 13986K [0x00000000c1400000, 0x0000000100000000)
  region size 1024K, 3 young (3072K), 3 survivors (3072K)
 Metaspace       used 16292K, committed 16576K, reserved 1114112K
  class space    used 1856K, committed 1984K, reserved 1048576K
}
Event: 189.127 GC heap before
{Heap before GC invocations=5 (full 0):
 garbage-first heap   total 65536K, used 15010K [0x00000000c1400000, 0x0000000100000000)
  region size 1024K, 4 young (4096K), 3 survivors (3072K)
 Metaspace       used 16319K, committed 16576K, reserved 1114112K
  class space    used 1856K, committed 1984K, reserved 1048576K
}
Event: 189.175 GC heap after
{Heap after GC invocations=6 (full 0):
 garbage-first heap   total 65536K, used 14614K [0x00000000c1400000, 0x0000000100000000)
  region size 1024K, 1 young (1024K), 1 survivors (1024K)
 Metaspace       used 16319K, committed 16576K, reserved 1114112K
  class space    used 1856K, committed 1984K, reserved 1048576K
}

