# JRE version: OpenJDK Runtime Environment Temurin-21.0.7+6 (21.0.7+6) (build 21.0.7+6-LTS)
# Java VM: OpenJDK 64-Bit Server VM Temurin-21.0.7+6 (21.0.7+6-LTS, mixed mode, sharing, tiered, compressed oops, compressed class ptrs, g1 gc, windows-amd64)
GC Precious Log:
 CardTable entry size: 512
 Card Set container configuration: InlinePtr #cards 5 size 8 Array Of Cards #cards 12 size 40 Howl #buckets 4 coarsen threshold 1843 Howl Bitmap #cards 512 size 80 coarsen threshold 460 Card regions per heap region 1 cards per card region 2048
 CPUs: 4 total, 4 available
 Memory: 4008M
 Large Page Support: Disabled
 NUMA Support: Disabled
 Compressed Oops: Enabled (32-bit)
 Heap Region Size: 1M
 Heap Min Capacity: 8M
 Heap Initial Capacity: 64M
 Heap Max Capacity: 1004M
 Pre-touch: Disabled
 Parallel Workers: 4
 Concurrent Workers: 1
 Concurrent Refinement Workers: 4
 Periodic GC: Disabled
Heap:
 garbage-first heap   total 65536K, used 47779K [0x00000000c1400000, 0x0000000100000000)
  region size 1024K, 37 young (37888K), 3 survivors (3072K)
 Metaspace       used 17062K, committed 17280K, reserved 1114112K
  class space    used 1904K, committed 1984K, reserved 1048576K
GC Heap History (10 events):
Event: 6.554 GC heap before
{Heap before GC invocations=0 (full 0):
 garbage-first heap   total 65536K, used 12288K [0x00000000c1400000, 0x0000000100000000)
  region size 1024K, 13 young (13312K), 0 survivors (0K)
 Metaspace       used 3627K, committed 3712K, reserved 1114112K
  class space    used 364K, committed 384K, reserved 1048576K
}
Event: 6.590 GC heap after
{Heap after GC invocations=1 (full 0):
 garbage-first heap   total 65536K, used 3200K [0x00000000c1400000, 0x0000000100000000)
  region size 1024K, 2 young (2048K), 2 survivors (2048K)
 Metaspace       used 3627K, committed 3712K, reserved 1114112K
  class space    used 364K, committed 384K, reserved 1048576K
}
Event: 7.971 GC heap before
{Heap before GC invocations=1 (full 0):
 garbage-first heap   total 65536K, used 18560K [0x00000000c1400000, 0x0000000100000000)
  region size 1024K, 17 young (17408K), 2 survivors (2048K)
 Metaspace       used 5964K, committed 6144K, reserved 1114112K
  class space    used 692K, committed 768K, reserved 1048576K
}
Event: 7.979 GC heap after
{Heap after GC invocations=2 (full 0):
 garbage-first heap   total 65536K, used 4087K [0x00000000c1400000, 0x0000000100000000)
  region size 1024K, 1 young (1024K), 1 survivors (1024K)
 Metaspace       used 5964K, committed 6144K, reserved 1114112K
  class space    used 692K, committed 768K, reserved 1048576K
}
Event: 13.612 GC heap before
{Heap before GC invocations=2 (full 0):
 garbage-first heap   total 65536K, used 40951K [0x00000000c1400000, 0x0000000100000000)
  region size 1024K, 38 young (38912K), 1 survivors (1024K)
 Metaspace       used 12076K, committed 12288K, reserved 1114112K
  class space    used 1434K, committed 1536K, reserved 1048576K
}
Event: 13.624 GC heap after
{Heap after GC invocations=3 (full 0):
 garbage-first heap   total 65536K, used 6540K [0x00000000c1400000, 0x0000000100000000)
  region size 1024K, 4 young (4096K), 4 survivors (4096K)
 Metaspace       used 12076K, committed 12288K, reserved 1114112K
  class space    used 1434K, committed 1536K, reserved 1048576K
}
Event: 18.114 GC heap before
{Heap before GC invocations=3 (full 0):
 garbage-first heap   total 65536K, used 41356K [0x00000000c1400000, 0x0000000100000000)
  region size 1024K, 38 young (38912K), 4 survivors (4096K)
 Metaspace       used 15632K, committed 15872K, reserved 1114112K
  class space    used 1802K, committed 1920K, reserved 1048576K
}
Event: 18.139 GC heap after
{Heap after GC invocations=4 (full 0):
 garbage-first heap   total 65536K, used 11536K [0x00000000c1400000, 0x0000000100000000)
  region size 1024K, 5 young (5120K), 5 survivors (5120K)
 Metaspace       used 15632K, committed 15872K, reserved 1114112K
  class space    used 1802K, committed 1920K, reserved 1048576K
}
Event: 20.941 GC heap before
{Heap before GC invocations=4 (full 0):
 garbage-first heap   total 65536K, used 45328K [0x00000000c1400000, 0x0000000100000000)
  region size 1024K, 38 young (38912K), 5 survivors (5120K)
 Metaspace       used 16281K, committed 16576K, reserved 1114112K
  class space    used 1856K, committed 1984K, reserved 1048576K
}
Event: 20.964 GC heap after
{Heap after GC invocations=5 (full 0):
 garbage-first heap   total 65536K, used 13987K [0x00000000c1400000, 0x0000000100000000)
  region size 1024K, 3 young (3072K), 3 survivors (3072K)
 Metaspace       used 16281K, committed 16576K, reserved 1114112K
  class space    used 1856K, committed 1984K, reserved 1048576K
}

