# JRE version: OpenJDK Runtime Environment Temurin-21.0.7+6 (21.0.7+6) (build 21.0.7+6-LTS)
# Java VM: OpenJDK 64-Bit Server VM Temurin-21.0.7+6 (21.0.7+6-LTS, mixed mode, sharing, tiered, compressed oops, compressed class ptrs, g1 gc, windows-amd64)
GC Precious Log:
 CardTable entry size: 512
 Card Set container configuration: InlinePtr #cards 5 size 8 Array Of Cards #cards 12 size 40 Howl #buckets 4 coarsen threshold 1843 Howl Bitmap #cards 512 size 80 coarsen threshold 460 Card regions per heap region 1 cards per card region 2048
 CPUs: 4 total, 4 available
 Memory: 4008M
 Large Page Support: Disabled
 NUMA Support: Disabled
 Compressed Oops: Enabled (32-bit)
 Heap Region Size: 1M
 Heap Min Capacity: 8M
 Heap Initial Capacity: 64M
 Heap Max Capacity: 1004M
 Pre-touch: Disabled
 Parallel Workers: 4
 Concurrent Workers: 1
 Concurrent Refinement Workers: 4
 Periodic GC: Disabled
Heap:
 garbage-first heap   total 151552K, used 64347K [0x00000000c1400000, 0x0000000100000000)
  region size 1024K, 16 young (16384K), 5 survivors (5120K)
 Metaspace       used 32427K, committed 32960K, reserved 1114112K
  class space    used 3615K, committed 3840K, reserved 1048576K
GC Heap History (20 events):
Event: 6.707 GC heap before
{Heap before GC invocations=6 (full 0):
 garbage-first heap   total 65536K, used 41159K [0x00000000c1400000, 0x0000000100000000)
  region size 1024K, 23 young (23552K), 4 survivors (4096K)
 Metaspace       used 17836K, committed 18112K, reserved 1114112K
  class space    used 1993K, committed 2112K, reserved 1048576K
}
Event: 6.718 GC heap after
{Heap after GC invocations=7 (full 0):
 garbage-first heap   total 65536K, used 23799K [0x00000000c1400000, 0x0000000100000000)
  region size 1024K, 3 young (3072K), 3 survivors (3072K)
 Metaspace       used 17836K, committed 18112K, reserved 1114112K
  class space    used 1993K, committed 2112K, reserved 1048576K
}
Event: 6.741 GC heap before
{Heap before GC invocations=7 (full 0):
 garbage-first heap   total 65536K, used 36087K [0x00000000c1400000, 0x0000000100000000)
  region size 1024K, 4 young (4096K), 3 survivors (3072K)
 Metaspace       used 17836K, committed 18112K, reserved 1114112K
  class space    used 1993K, committed 2112K, reserved 1048576K
}
Event: 6.746 GC heap after
{Heap after GC invocations=8 (full 0):
 garbage-first heap   total 78848K, used 35703K [0x00000000c1400000, 0x0000000100000000)
  region size 1024K, 3 young (3072K), 3 survivors (3072K)
 Metaspace       used 17836K, committed 18112K, reserved 1114112K
  class space    used 1993K, committed 2112K, reserved 1048576K
}
Event: 8.037 GC heap before
{Heap before GC invocations=8 (full 0):
 garbage-first heap   total 78848K, used 68471K [0x00000000c1400000, 0x0000000100000000)
  region size 1024K, 24 young (24576K), 3 survivors (3072K)
 Metaspace       used 20624K, committed 20928K, reserved 1114112K
  class space    used 2302K, committed 2432K, reserved 1048576K
}
Event: 8.045 GC heap after
{Heap after GC invocations=9 (full 0):
 garbage-first heap   total 78848K, used 16227K [0x00000000c1400000, 0x0000000100000000)
  region size 1024K, 4 young (4096K), 4 survivors (4096K)
 Metaspace       used 20624K, committed 20928K, reserved 1114112K
  class space    used 2302K, committed 2432K, reserved 1048576K
}
Event: 8.216 GC heap before
{Heap before GC invocations=9 (full 0):
 garbage-first heap   total 78848K, used 29539K [0x00000000c1400000, 0x0000000100000000)
  region size 1024K, 14 young (14336K), 4 survivors (4096K)
 Metaspace       used 21259K, committed 21504K, reserved 1114112K
  class space    used 2394K, committed 2496K, reserved 1048576K
}
Event: 8.229 GC heap after
{Heap after GC invocations=10 (full 0):
 garbage-first heap   total 78848K, used 23771K [0x00000000c1400000, 0x0000000100000000)
  region size 1024K, 6 young (6144K), 6 survivors (6144K)
 Metaspace       used 21259K, committed 21504K, reserved 1114112K
  class space    used 2394K, committed 2496K, reserved 1048576K
}
Event: 9.550 GC heap before
{Heap before GC invocations=11 (full 0):
 garbage-first heap   total 78848K, used 64731K [0x00000000c1400000, 0x0000000100000000)
  region size 1024K, 46 young (47104K), 6 survivors (6144K)
 Metaspace       used 27293K, committed 27648K, reserved 1114112K
  class space    used 3054K, committed 3200K, reserved 1048576K
}
Event: 9.579 GC heap after
{Heap after GC invocations=12 (full 0):
 garbage-first heap   total 82944K, used 35840K [0x00000000c1400000, 0x0000000100000000)
  region size 1024K, 6 young (6144K), 6 survivors (6144K)
 Metaspace       used 27293K, committed 27648K, reserved 1114112K
  class space    used 3054K, committed 3200K, reserved 1048576K
}
Event: 10.432 GC heap before
{Heap before GC invocations=12 (full 0):
 garbage-first heap   total 82944K, used 66560K [0x00000000c1400000, 0x0000000100000000)
  region size 1024K, 37 young (37888K), 6 survivors (6144K)
 Metaspace       used 29048K, committed 29440K, reserved 1114112K
  class space    used 3256K, committed 3456K, reserved 1048576K
}
Event: 10.448 GC heap after
{Heap after GC invocations=13 (full 0):
 garbage-first heap   total 82944K, used 37376K [0x00000000c1400000, 0x0000000100000000)
  region size 1024K, 2 young (2048K), 2 survivors (2048K)
 Metaspace       used 29048K, committed 29440K, reserved 1114112K
  class space    used 3256K, committed 3456K, reserved 1048576K
}
Event: 11.163 GC heap before
{Heap before GC invocations=13 (full 0):
 garbage-first heap   total 82944K, used 70144K [0x00000000c1400000, 0x0000000100000000)
  region size 1024K, 34 young (34816K), 2 survivors (2048K)
 Metaspace       used 29912K, committed 30400K, reserved 1114112K
  class space    used 3344K, committed 3584K, reserved 1048576K
}
Event: 11.171 GC heap after
{Heap after GC invocations=14 (full 0):
 garbage-first heap   total 82944K, used 37888K [0x00000000c1400000, 0x0000000100000000)
  region size 1024K, 2 young (2048K), 2 survivors (2048K)
 Metaspace       used 29912K, committed 30400K, reserved 1114112K
  class space    used 3344K, committed 3584K, reserved 1048576K
}
Event: 12.442 GC heap before
{Heap before GC invocations=14 (full 0):
 garbage-first heap   total 82944K, used 71680K [0x00000000c1400000, 0x0000000100000000)
  region size 1024K, 35 young (35840K), 2 survivors (2048K)
 Metaspace       used 31915K, committed 32384K, reserved 1114112K
  class space    used 3570K, committed 3776K, reserved 1048576K
}
Event: 12.454 GC heap after
{Heap after GC invocations=15 (full 0):
 garbage-first heap   total 82944K, used 39287K [0x00000000c1400000, 0x0000000100000000)
  region size 1024K, 4 young (4096K), 4 survivors (4096K)
 Metaspace       used 31915K, committed 32384K, reserved 1114112K
  class space    used 3570K, committed 3776K, reserved 1048576K
}
Event: 12.946 GC heap before
{Heap before GC invocations=15 (full 0):
 garbage-first heap   total 82944K, used 41335K [0x00000000c1400000, 0x0000000100000000)
  region size 1024K, 7 young (7168K), 4 survivors (4096K)
 Metaspace       used 31917K, committed 32384K, reserved 1114112K
  class space    used 3570K, committed 3776K, reserved 1048576K
}
Event: 12.954 GC heap after
{Heap after GC invocations=16 (full 0):
 garbage-first heap   total 82944K, used 39595K [0x00000000c1400000, 0x0000000100000000)
  region size 1024K, 3 young (3072K), 3 survivors (3072K)
 Metaspace       used 31917K, committed 32384K, reserved 1114112K
  class space    used 3570K, committed 3776K, reserved 1048576K
}
Event: 13.516 GC heap before
{Heap before GC invocations=16 (full 0):
 garbage-first heap   total 82944K, used 76459K [0x00000000c1400000, 0x0000000100000000)
  region size 1024K, 37 young (37888K), 3 survivors (3072K)
 Metaspace       used 31949K, committed 32512K, reserved 1114112K
  class space    used 3571K, committed 3840K, reserved 1048576K
}
Event: 13.548 GC heap after
{Heap after GC invocations=17 (full 0):
 garbage-first heap   total 151552K, used 55131K [0x00000000c1400000, 0x0000000100000000)
  region size 1024K, 5 young (5120K), 5 survivors (5120K)
 Metaspace       used 31949K, committed 32512K, reserved 1114112K
  class space    used 3571K, committed 3840K, reserved 1048576K
}

