# JRE version: OpenJDK Runtime Environment Temurin-21.0.7+6 (21.0.7+6) (build 21.0.7+6-LTS)
# Java VM: OpenJDK 64-Bit Server VM Temurin-21.0.7+6 (21.0.7+6-LTS, mixed mode, sharing, tiered, compressed oops, compressed class ptrs, parallel gc, windows-amd64)
GC Precious Log:
 CardTable entry size: 512
 CPUs: 4 total, 4 available
 Memory: 4008M
 Large Page Support: Disabled
 NUMA Support: Disabled
 Compressed Oops: Enabled (32-bit)
 Alignments: Space 512K, Generation 512K, Heap 2M
 Heap Min Capacity: 100M
 Heap Initial Capacity: 100M
 Heap Max Capacity: 2G
 Pre-touch: Disabled
 Parallel Workers: 4
Heap:
 PSYoungGen      total 14848K, used 14144K [0x00000000d5580000, 0x00000000d6b80000, 0x0000000100000000)
  eden space 13824K, 100% used [0x00000000d5580000,0x00000000d6300000,0x00000000d6300000)
  from space 1024K, 31% used [0x00000000d6980000,0x00000000d69d0000,0x00000000d6a80000)
  to   space 512K, 100% used [0x00000000d6b00000,0x00000000d6b80000,0x00000000d6b80000)
 ParOldGen       total 135680K, used 135309K [0x0000000080000000, 0x0000000088480000, 0x00000000d5580000)
  object space 135680K, 99% used [0x0000000080000000,0x00000000884237a0,0x0000000088480000)
 Metaspace       used 60571K, committed 61952K, reserved 1114112K
  class space    used 6241K, committed 6848K, reserved 1048576K
GC Heap History (20 events):
Event: 564.815 GC heap before
{Heap before GC invocations=77 (full 3):
 PSYoungGen      total 14336K, used 14240K [0x00000000d5580000, 0x00000000d6b80000, 0x0000000100000000)
  eden space 13824K, 100% used [0x00000000d5580000,0x00000000d6300000,0x00000000d6300000)
  from space 512K, 81% used [0x00000000d6a80000,0x00000000d6ae8000,0x00000000d6b00000)
  to   space 512K, 0% used [0x00000000d6b00000,0x00000000d6b00000,0x00000000d6b80000)
 ParOldGen       total 132096K, used 131955K [0x0000000080000000, 0x0000000088100000, 0x00000000d5580000)
  object space 132096K, 99% used [0x0000000080000000,0x00000000880dcf58,0x0000000088100000)
 Metaspace       used 60505K, committed 61952K, reserved 1114112K
  class space    used 6237K, committed 6848K, reserved 1048576K
}
Event: 564.818 GC heap after
{Heap after GC invocations=77 (full 3):
 PSYoungGen      total 14336K, used 320K [0x00000000d5580000, 0x00000000d6b80000, 0x0000000100000000)
  eden space 13824K, 0% used [0x00000000d5580000,0x00000000d5580000,0x00000000d6300000)
  from space 512K, 62% used [0x00000000d6b00000,0x00000000d6b50000,0x00000000d6b80000)
  to   space 512K, 0% used [0x00000000d6a80000,0x00000000d6a80000,0x00000000d6b00000)
 ParOldGen       total 132608K, used 132315K [0x0000000080000000, 0x0000000088180000, 0x00000000d5580000)
  object space 132608K, 99% used [0x0000000080000000,0x0000000088136f58,0x0000000088180000)
 Metaspace       used 60505K, committed 61952K, reserved 1114112K
  class space    used 6237K, committed 6848K, reserved 1048576K
}
Event: 564.941 GC heap before
{Heap before GC invocations=78 (full 3):
 PSYoungGen      total 14336K, used 14144K [0x00000000d5580000, 0x00000000d6b80000, 0x0000000100000000)
  eden space 13824K, 100% used [0x00000000d5580000,0x00000000d6300000,0x00000000d6300000)
  from space 512K, 62% used [0x00000000d6b00000,0x00000000d6b50000,0x00000000d6b80000)
  to   space 512K, 0% used [0x00000000d6a80000,0x00000000d6a80000,0x00000000d6b00000)
 ParOldGen       total 132608K, used 132315K [0x0000000080000000, 0x0000000088180000, 0x00000000d5580000)
  object space 132608K, 99% used [0x0000000080000000,0x0000000088136f58,0x0000000088180000)
 Metaspace       used 60508K, committed 61952K, reserved 1114112K
  class space    used 6237K, committed 6848K, reserved 1048576K
}
Event: 564.943 GC heap after
{Heap after GC invocations=78 (full 3):
 PSYoungGen      total 14336K, used 224K [0x00000000d5580000, 0x00000000d6b80000, 0x0000000100000000)
  eden space 13824K, 0% used [0x00000000d5580000,0x00000000d5580000,0x00000000d6300000)
  from space 512K, 43% used [0x00000000d6a80000,0x00000000d6ab8000,0x00000000d6b00000)
  to   space 512K, 0% used [0x00000000d6b00000,0x00000000d6b00000,0x00000000d6b80000)
 ParOldGen       total 132608K, used 132579K [0x0000000080000000, 0x0000000088180000, 0x00000000d5580000)
  object space 132608K, 99% used [0x0000000080000000,0x0000000088178f58,0x0000000088180000)
 Metaspace       used 60508K, committed 61952K, reserved 1114112K
  class space    used 6237K, committed 6848K, reserved 1048576K
}
Event: 565.035 GC heap before
{Heap before GC invocations=79 (full 3):
 PSYoungGen      total 14336K, used 14048K [0x00000000d5580000, 0x00000000d6b80000, 0x0000000100000000)
  eden space 13824K, 100% used [0x00000000d5580000,0x00000000d6300000,0x00000000d6300000)
  from space 512K, 43% used [0x00000000d6a80000,0x00000000d6ab8000,0x00000000d6b00000)
  to   space 512K, 0% used [0x00000000d6b00000,0x00000000d6b00000,0x00000000d6b80000)
 ParOldGen       total 132608K, used 132579K [0x0000000080000000, 0x0000000088180000, 0x00000000d5580000)
  object space 132608K, 99% used [0x0000000080000000,0x0000000088178f58,0x0000000088180000)
 Metaspace       used 60509K, committed 61952K, reserved 1114112K
  class space    used 6237K, committed 6848K, reserved 1048576K
}
Event: 565.037 GC heap after
{Heap after GC invocations=79 (full 3):
 PSYoungGen      total 14336K, used 337K [0x00000000d5580000, 0x00000000d6b80000, 0x0000000100000000)
  eden space 13824K, 0% used [0x00000000d5580000,0x00000000d5580000,0x00000000d6300000)
  from space 512K, 65% used [0x00000000d6b00000,0x00000000d6b54400,0x00000000d6b80000)
  to   space 512K, 0% used [0x00000000d6a80000,0x00000000d6a80000,0x00000000d6b00000)
 ParOldGen       total 133120K, used 132763K [0x0000000080000000, 0x0000000088200000, 0x00000000d5580000)
  object space 133120K, 99% used [0x0000000080000000,0x00000000881a6f58,0x0000000088200000)
 Metaspace       used 60509K, committed 61952K, reserved 1114112K
  class space    used 6237K, committed 6848K, reserved 1048576K
}
Event: 565.115 GC heap before
{Heap before GC invocations=80 (full 3):
 PSYoungGen      total 14336K, used 14161K [0x00000000d5580000, 0x00000000d6b80000, 0x0000000100000000)
  eden space 13824K, 100% used [0x00000000d5580000,0x00000000d6300000,0x00000000d6300000)
  from space 512K, 65% used [0x00000000d6b00000,0x00000000d6b54400,0x00000000d6b80000)
  to   space 512K, 0% used [0x00000000d6a80000,0x00000000d6a80000,0x00000000d6b00000)
 ParOldGen       total 133120K, used 132763K [0x0000000080000000, 0x0000000088200000, 0x00000000d5580000)
  object space 133120K, 99% used [0x0000000080000000,0x00000000881a6f58,0x0000000088200000)
 Metaspace       used 60509K, committed 61952K, reserved 1114112K
  class space    used 6237K, committed 6848K, reserved 1048576K
}
Event: 565.118 GC heap after
{Heap after GC invocations=80 (full 3):
 PSYoungGen      total 14336K, used 352K [0x00000000d5580000, 0x00000000d6b80000, 0x0000000100000000)
  eden space 13824K, 0% used [0x00000000d5580000,0x00000000d5580000,0x00000000d6300000)
  from space 512K, 68% used [0x00000000d6a80000,0x00000000d6ad8000,0x00000000d6b00000)
  to   space 512K, 0% used [0x00000000d6b00000,0x00000000d6b00000,0x00000000d6b80000)
 ParOldGen       total 133120K, used 133036K [0x0000000080000000, 0x0000000088200000, 0x00000000d5580000)
  object space 133120K, 99% used [0x0000000080000000,0x00000000881eb358,0x0000000088200000)
 Metaspace       used 60509K, committed 61952K, reserved 1114112K
  class space    used 6237K, committed 6848K, reserved 1048576K
}
Event: 565.240 GC heap before
{Heap before GC invocations=81 (full 3):
 PSYoungGen      total 14336K, used 14176K [0x00000000d5580000, 0x00000000d6b80000, 0x0000000100000000)
  eden space 13824K, 100% used [0x00000000d5580000,0x00000000d6300000,0x00000000d6300000)
  from space 512K, 68% used [0x00000000d6a80000,0x00000000d6ad8000,0x00000000d6b00000)
  to   space 512K, 0% used [0x00000000d6b00000,0x00000000d6b00000,0x00000000d6b80000)
 ParOldGen       total 133120K, used 133036K [0x0000000080000000, 0x0000000088200000, 0x00000000d5580000)
  object space 133120K, 99% used [0x0000000080000000,0x00000000881eb358,0x0000000088200000)
 Metaspace       used 60520K, committed 61952K, reserved 1114112K
  class space    used 6237K, committed 6848K, reserved 1048576K
}
Event: 565.242 GC heap after
{Heap after GC invocations=81 (full 3):
 PSYoungGen      total 14336K, used 352K [0x00000000d5580000, 0x00000000d6b80000, 0x0000000100000000)
  eden space 13824K, 0% used [0x00000000d5580000,0x00000000d5580000,0x00000000d6300000)
  from space 512K, 68% used [0x00000000d6b00000,0x00000000d6b58000,0x00000000d6b80000)
  to   space 512K, 0% used [0x00000000d6a80000,0x00000000d6a80000,0x00000000d6b00000)
 ParOldGen       total 133632K, used 133348K [0x0000000080000000, 0x0000000088280000, 0x00000000d5580000)
  object space 133632K, 99% used [0x0000000080000000,0x0000000088239358,0x0000000088280000)
 Metaspace       used 60520K, committed 61952K, reserved 1114112K
  class space    used 6237K, committed 6848K, reserved 1048576K
}
Event: 565.411 GC heap before
{Heap before GC invocations=82 (full 3):
 PSYoungGen      total 14336K, used 14176K [0x00000000d5580000, 0x00000000d6b80000, 0x0000000100000000)
  eden space 13824K, 100% used [0x00000000d5580000,0x00000000d6300000,0x00000000d6300000)
  from space 512K, 68% used [0x00000000d6b00000,0x00000000d6b58000,0x00000000d6b80000)
  to   space 512K, 0% used [0x00000000d6a80000,0x00000000d6a80000,0x00000000d6b00000)
 ParOldGen       total 133632K, used 133348K [0x0000000080000000, 0x0000000088280000, 0x00000000d5580000)
  object space 133632K, 99% used [0x0000000080000000,0x0000000088239358,0x0000000088280000)
 Metaspace       used 60521K, committed 61952K, reserved 1114112K
  class space    used 6237K, committed 6848K, reserved 1048576K
}
Event: 565.414 GC heap after
{Heap after GC invocations=82 (full 3):
 PSYoungGen      total 14336K, used 352K [0x00000000d5580000, 0x00000000d6b80000, 0x0000000100000000)
  eden space 13824K, 0% used [0x00000000d5580000,0x00000000d5580000,0x00000000d6300000)
  from space 512K, 68% used [0x00000000d6a80000,0x00000000d6ad8000,0x00000000d6b00000)
  to   space 512K, 0% used [0x00000000d6b00000,0x00000000d6b00000,0x00000000d6b80000)
 ParOldGen       total 133632K, used 133612K [0x0000000080000000, 0x0000000088280000, 0x00000000d5580000)
  object space 133632K, 99% used [0x0000000080000000,0x000000008827b358,0x0000000088280000)
 Metaspace       used 60521K, committed 61952K, reserved 1114112K
  class space    used 6237K, committed 6848K, reserved 1048576K
}
Event: 568.280 GC heap before
{Heap before GC invocations=83 (full 3):
 PSYoungGen      total 14336K, used 14176K [0x00000000d5580000, 0x00000000d6b80000, 0x0000000100000000)
  eden space 13824K, 100% used [0x00000000d5580000,0x00000000d6300000,0x00000000d6300000)
  from space 512K, 68% used [0x00000000d6a80000,0x00000000d6ad8000,0x00000000d6b00000)
  to   space 512K, 0% used [0x00000000d6b00000,0x00000000d6b00000,0x00000000d6b80000)
 ParOldGen       total 133632K, used 133612K [0x0000000080000000, 0x0000000088280000, 0x00000000d5580000)
  object space 133632K, 99% used [0x0000000080000000,0x000000008827b358,0x0000000088280000)
 Metaspace       used 60530K, committed 61952K, reserved 1114112K
  class space    used 6239K, committed 6848K, reserved 1048576K
}
Event: 568.321 GC heap after
{Heap after GC invocations=83 (full 3):
 PSYoungGen      total 14336K, used 432K [0x00000000d5580000, 0x00000000d6b80000, 0x0000000100000000)
  eden space 13824K, 0% used [0x00000000d5580000,0x00000000d5580000,0x00000000d6300000)
  from space 512K, 84% used [0x00000000d6b00000,0x00000000d6b6c3d8,0x00000000d6b80000)
  to   space 512K, 0% used [0x00000000d6a80000,0x00000000d6a80000,0x00000000d6b00000)
 ParOldGen       total 134144K, used 133908K [0x0000000080000000, 0x0000000088300000, 0x00000000d5580000)
  object space 134144K, 99% used [0x0000000080000000,0x00000000882c5358,0x0000000088300000)
 Metaspace       used 60530K, committed 61952K, reserved 1114112K
  class space    used 6239K, committed 6848K, reserved 1048576K
}
Event: 569.624 GC heap before
{Heap before GC invocations=84 (full 3):
 PSYoungGen      total 14336K, used 14256K [0x00000000d5580000, 0x00000000d6b80000, 0x0000000100000000)
  eden space 13824K, 100% used [0x00000000d5580000,0x00000000d6300000,0x00000000d6300000)
  from space 512K, 84% used [0x00000000d6b00000,0x00000000d6b6c3d8,0x00000000d6b80000)
  to   space 512K, 0% used [0x00000000d6a80000,0x00000000d6a80000,0x00000000d6b00000)
 ParOldGen       total 134144K, used 133908K [0x0000000080000000, 0x0000000088300000, 0x00000000d5580000)
  object space 134144K, 99% used [0x0000000080000000,0x00000000882c5358,0x0000000088300000)
 Metaspace       used 60545K, committed 61952K, reserved 1114112K
  class space    used 6241K, committed 6848K, reserved 1048576K
}
Event: 569.626 GC heap after
{Heap after GC invocations=84 (full 3):
 PSYoungGen      total 14336K, used 509K [0x00000000d5580000, 0x00000000d6b80000, 0x0000000100000000)
  eden space 13824K, 0% used [0x00000000d5580000,0x00000000d5580000,0x00000000d6300000)
  from space 512K, 99% used [0x00000000d6a80000,0x00000000d6aff770,0x00000000d6b00000)
  to   space 512K, 0% used [0x00000000d6b00000,0x00000000d6b00000,0x00000000d6b80000)
 ParOldGen       total 134656K, used 134312K [0x0000000080000000, 0x0000000088380000, 0x00000000d5580000)
  object space 134656K, 99% used [0x0000000080000000,0x000000008832a030,0x0000000088380000)
 Metaspace       used 60545K, committed 61952K, reserved 1114112K
  class space    used 6241K, committed 6848K, reserved 1048576K
}
Event: 569.654 GC heap before
{Heap before GC invocations=85 (full 3):
 PSYoungGen      total 14336K, used 14333K [0x00000000d5580000, 0x00000000d6b80000, 0x0000000100000000)
  eden space 13824K, 100% used [0x00000000d5580000,0x00000000d6300000,0x00000000d6300000)
  from space 512K, 99% used [0x00000000d6a80000,0x00000000d6aff770,0x00000000d6b00000)
  to   space 512K, 0% used [0x00000000d6b00000,0x00000000d6b00000,0x00000000d6b80000)
 ParOldGen       total 134656K, used 134312K [0x0000000080000000, 0x0000000088380000, 0x00000000d5580000)
  object space 134656K, 99% used [0x0000000080000000,0x000000008832a030,0x0000000088380000)
 Metaspace       used 60545K, committed 61952K, reserved 1114112K
  class space    used 6241K, committed 6848K, reserved 1048576K
}
Event: 569.656 GC heap after
{Heap after GC invocations=85 (full 3):
 PSYoungGen      total 14336K, used 320K [0x00000000d5580000, 0x00000000d6b80000, 0x0000000100000000)
  eden space 13824K, 0% used [0x00000000d5580000,0x00000000d5580000,0x00000000d6300000)
  from space 512K, 62% used [0x00000000d6b00000,0x00000000d6b50000,0x00000000d6b80000)
  to   space 1024K, 0% used [0x00000000d6980000,0x00000000d6980000,0x00000000d6a80000)
 ParOldGen       total 135168K, used 134845K [0x0000000080000000, 0x0000000088400000, 0x00000000d5580000)
  object space 135168K, 99% used [0x0000000080000000,0x00000000883af7a0,0x0000000088400000)
 Metaspace       used 60545K, committed 61952K, reserved 1114112K
  class space    used 6241K, committed 6848K, reserved 1048576K
}
Event: 569.782 GC heap before
{Heap before GC invocations=86 (full 3):
 PSYoungGen      total 14336K, used 14144K [0x00000000d5580000, 0x00000000d6b80000, 0x0000000100000000)
  eden space 13824K, 100% used [0x00000000d5580000,0x00000000d6300000,0x00000000d6300000)
  from space 512K, 62% used [0x00000000d6b00000,0x00000000d6b50000,0x00000000d6b80000)
  to   space 1024K, 0% used [0x00000000d6980000,0x00000000d6980000,0x00000000d6a80000)
 ParOldGen       total 135168K, used 134845K [0x0000000080000000, 0x0000000088400000, 0x00000000d5580000)
  object space 135168K, 99% used [0x0000000080000000,0x00000000883af7a0,0x0000000088400000)
 Metaspace       used 60546K, committed 61952K, reserved 1114112K
  class space    used 6241K, committed 6848K, reserved 1048576K
}
Event: 569.783 GC heap after
{Heap after GC invocations=86 (full 3):
 PSYoungGen      total 14848K, used 320K [0x00000000d5580000, 0x00000000d6b80000, 0x0000000100000000)
  eden space 13824K, 0% used [0x00000000d5580000,0x00000000d5580000,0x00000000d6300000)
  from space 1024K, 31% used [0x00000000d6980000,0x00000000d69d0000,0x00000000d6a80000)
  to   space 512K, 0% used [0x00000000d6b00000,0x00000000d6b00000,0x00000000d6b80000)
 ParOldGen       total 135168K, used 135133K [0x0000000080000000, 0x0000000088400000, 0x00000000d5580000)
  object space 135168K, 99% used [0x0000000080000000,0x00000000883f77a0,0x0000000088400000)
 Metaspace       used 60546K, committed 61952K, reserved 1114112K
  class space    used 6241K, committed 6848K, reserved 1048576K
}

